[2025/9/28 19:17:35] 🚀 Aster 对冲交易工具启动 - 2025/9/28 19:17:35
[2025/9/28 19:17:35] [账号1] 代理未启用
[2025/9/28 19:17:35] [账号2] 代理未启用
[2025/9/28 19:17:35] [账号3] 代理未启用
[2025/9/28 19:17:35] 🚀 === Aster 三账号对冲交易工具启动 ===
[2025/9/28 19:17:35] 
📋 === 步骤1: 检查并平仓现有仓位 ===
[2025/9/28 19:17:35] 
🔄 === [2025/9/28 19:17:35] 三账号同时平仓 ===
[2025/9/28 19:17:35] 币种: BTCUSDT
[2025/9/28 19:17:36] ✅ 所有账号均无 BTCUSDT 持仓，无需平仓
[2025/9/28 19:17:36] 
📊 === 步骤2: 配置和风险分析 ===
[2025/9/28 19:17:36] 
📊 === 当前配置分析 ===
[2025/9/28 19:17:36] 币种: BTCUSDT
[2025/9/28 19:17:36] 杠杆: 20x
[2025/9/28 19:17:36] BTC价格: 112,000 USDT
[2025/9/28 19:17:36] 
💰 下单金额分析:
[2025/9/28 19:17:36] 最小下单: 0.001 BTC = 112.00 USDT
[2025/9/28 19:17:36] 最大下单: 0.01 BTC = 1120.00 USDT
[2025/9/28 19:17:36] 
🛡️ 保证金需求:
[2025/9/28 19:17:36] 最小保证金: 5.60 USDT
[2025/9/28 19:17:36] 最大保证金: 56.00 USDT
[2025/9/28 19:17:36] 
⚠️ 风险控制:
[2025/9/28 19:17:36] 最大持仓价值限制: 10000 USDT
[2025/9/28 19:17:36] 最小账户余额要求: 100 USDT
[2025/9/28 19:17:36] 
🌐 代理状态:
[2025/9/28 19:17:36] 账号1: ❌ 未启用 http://127.0.0.1:1087
[2025/9/28 19:17:36] 账号2: ❌ 未启用 http://127.0.0.1:1088
[2025/9/28 19:17:36] 账号3: ❌ 未启用 http://127.0.0.1:1089
[2025/9/28 19:17:36] 
📈 风险等级: 🔴 高风险
[2025/9/28 19:17:36] 
🔄 === 步骤3: 启动循环对冲 ===
[2025/9/28 19:17:36] 按 Ctrl+C 可随时停止循环并安全退出
[2025/9/28 19:17:36] 
🔁 === [2025/9/28 19:17:36] 启动三账号循环对冲 ===
[2025/9/28 19:17:36] 币种: BTCUSDT, 杠杆: 20x, 持仓: 10 分钟
[2025/9/28 19:17:36] 🎲 随机选择主账号和辅账号，随机分配金额
[2025/9/28 19:17:36] 
=== [2025/9/28 19:17:36] 设置杠杆 ===
[2025/9/28 19:17:36] 币种: BTCUSDT, 杠杆: 20x
[2025/9/28 19:17:37] ✅ 账号1 设置 20x 杠杆成功
[2025/9/28 19:17:37] ✅ 账号2 设置 20x 杠杆成功
[2025/9/28 19:17:37] ✅ 账号3 设置 20x 杠杆成功
[2025/9/28 19:17:37] 
=== 周期 #1 开始 (2025/9/28 19:17:37) ===
[2025/9/28 19:17:37] 🎲 随机选择结果:
[2025/9/28 19:17:37]    主账号: 账号2 (做多)
[2025/9/28 19:17:37]    辅账号: 账号1, 账号3 (做空)
[2025/9/28 19:17:37] 💰 金额分配:
[2025/9/28 19:17:37]    主账号 账号2: 0.007 BTCUSDT
[2025/9/28 19:17:37]    辅账号 账号1: 0.003 BTCUSDT
[2025/9/28 19:17:37]    辅账号 账号3: 0.004 BTCUSDT
[2025/9/28 19:17:37]    验证: 0.007 = 0.007
[2025/9/28 19:17:38] [账号2] BTCUSDT 买1价格: 109714.7
[2025/9/28 19:17:38] 📊 当前买一价: 109714.7
[2025/9/28 19:17:38] 账号2 限价买入提交: orderId=5702125257, 价格=109714.7, 数量=0.007
[2025/9/28 19:17:38] [账号2] 开始监控订单 5702125257 状态...
[2025/9/28 19:17:39] [账号2] 订单状态: NEW, 已成交: 0/0.007
[2025/9/28 19:17:42] [账号2] 订单状态: NEW, 已成交: 0/0.007
[2025/9/28 19:17:45] [账号2] 订单状态: NEW, 已成交: 0/0.007
[2025/9/28 19:17:49] [账号2] 订单状态: NEW, 已成交: 0/0.007
[2025/9/28 19:17:53] [账号2] 订单状态: NEW, 已成交: 0/0.007
[2025/9/28 19:17:57] [账号2] 订单状态: NEW, 已成交: 0/0.007
[2025/9/28 19:18:00] [账号2] 订单状态: NEW, 已成交: 0/0.007
[2025/9/28 19:18:04] [账号2] 订单状态: NEW, 已成交: 0/0.007
[2025/9/28 19:18:08] [账号2] 订单状态: NEW, 已成交: 0/0.007
[2025/9/28 19:18:11] [账号2] 订单状态: NEW, 已成交: 0/0.007
[2025/9/28 19:18:14] [账号2] 订单状态: NEW, 已成交: 0/0.007
[2025/9/28 19:18:18] [账号2] 订单状态: NEW, 已成交: 0/0.007
[2025/9/28 19:18:22] [账号2] 订单状态: NEW, 已成交: 0/0.007
[2025/9/28 19:18:25] [账号2] 订单状态: NEW, 已成交: 0/0.007
[2025/9/28 19:18:29] [账号2] 订单状态: NEW, 已成交: 0/0.007
[2025/9/28 19:18:32] [账号2] 订单状态: NEW, 已成交: 0/0.007
[2025/9/28 19:18:35] [账号2] 订单状态: NEW, 已成交: 0/0.007
[2025/9/28 19:18:39] [账号2] 订单状态: NEW, 已成交: 0/0.007
[2025/9/28 19:18:43] [账号2] 订单状态: NEW, 已成交: 0/0.007
[2025/9/28 19:18:47] [账号2] 订单状态: NEW, 已成交: 0/0.007
[2025/9/28 19:18:51] [账号2] 订单状态: NEW, 已成交: 0/0.007
[2025/9/28 19:18:54] [账号2] 订单状态: NEW, 已成交: 0/0.007
[2025/9/28 19:18:58] [账号2] 订单状态: NEW, 已成交: 0/0.007
[2025/9/28 19:19:02] [账号2] 订单状态: NEW, 已成交: 0/0.007
[2025/9/28 19:19:06] [账号2] 订单状态: NEW, 已成交: 0/0.007
[2025/9/28 19:19:10] [账号2] 订单状态: NEW, 已成交: 0/0.007
[2025/9/28 19:19:13] [账号2] 订单状态: NEW, 已成交: 0/0.007
[2025/9/28 19:19:17] [账号2] 订单状态: NEW, 已成交: 0/0.007
[2025/9/28 19:19:20] [账号2] 订单状态: NEW, 已成交: 0/0.007
[2025/9/28 19:19:23] [账号2] 订单状态: NEW, 已成交: 0/0.007
[2025/9/28 19:19:27] [账号2] 订单状态: NEW, 已成交: 0/0.007
[2025/9/28 19:19:31] [账号2] 订单状态: NEW, 已成交: 0/0.007
[2025/9/28 19:19:34] [账号2] 订单状态: NEW, 已成交: 0/0.007
[2025/9/28 19:19:38] [账号2] 订单状态: NEW, 已成交: 0/0.007
[2025/9/28 19:19:41] [账号2] 订单状态: NEW, 已成交: 0/0.007
[2025/9/28 19:19:45] [账号2] 订单状态: NEW, 已成交: 0/0.007
[2025/9/28 19:19:49] [账号2] 订单状态: NEW, 已成交: 0/0.007
[2025/9/28 19:19:53] [账号2] 订单状态: NEW, 已成交: 0/0.007
[2025/9/28 19:19:56] [账号2] 订单状态: NEW, 已成交: 0/0.007
[2025/9/28 19:20:00] [账号2] 订单状态: NEW, 已成交: 0/0.007
[2025/9/28 19:20:03] [账号2] 订单状态: NEW, 已成交: 0/0.007
[2025/9/28 19:20:06] [账号2] 订单状态: NEW, 已成交: 0/0.007
[2025/9/28 19:20:10] [账号2] 订单状态: NEW, 已成交: 0/0.007
[2025/9/28 19:20:12] 

🛑 接收到退出信号，正在安全退出...
[2025/9/28 19:20:12] 📋 正在平仓所有持仓...
[2025/9/28 19:20:12] 
🔄 === [2025/9/28 19:20:12] 三账号同时平仓 ===
[2025/9/28 19:20:12] 币种: BTCUSDT
[2025/9/28 19:20:12] 

🛑 接收到退出信号，正在安全退出...
[2025/9/28 19:20:12] 📋 正在平仓所有持仓...
[2025/9/28 19:20:12] 
🔄 === [2025/9/28 19:20:12] 三账号同时平仓 ===
[2025/9/28 19:20:12] 币种: BTCUSDT
[2025/9/28 19:20:13] 

🛑 接收到退出信号，正在安全退出...
[2025/9/28 19:20:13] 📋 正在平仓所有持仓...
[2025/9/28 19:20:13] 
🔄 === [2025/9/28 19:20:13] 三账号同时平仓 ===
[2025/9/28 19:20:13] 币种: BTCUSDT
[2025/9/28 19:20:13] 

🛑 接收到退出信号，正在安全退出...
[2025/9/28 19:20:13] 📋 正在平仓所有持仓...
[2025/9/28 19:20:13] 
🔄 === [2025/9/28 19:20:13] 三账号同时平仓 ===
[2025/9/28 19:20:13] 币种: BTCUSDT
[2025/9/28 19:20:13] ✅ 所有账号均无 BTCUSDT 持仓，无需平仓
[2025/9/28 19:20:13] ✅ 安全退出完成
