[2025/9/28 19:07:32] 🚀 Aster 对冲交易工具启动 - 2025/9/28 19:07:32
[2025/9/28 19:07:32] [账号1] 代理未启用
[2025/9/28 19:07:32] [账号2] 代理未启用
[2025/9/28 19:07:32] [账号3] 代理未启用
[2025/9/28 19:07:32] 🚀 === Aster 三账号对冲交易工具启动 ===
[2025/9/28 19:07:32] 
📋 === 步骤1: 检查并平仓现有仓位 ===
[2025/9/28 19:07:32] 
🔄 === [2025/9/28 19:07:32] 三账号同时平仓 ===
[2025/9/28 19:07:32] 币种: BTCUSDT
[2025/9/28 19:07:33] ✅ 所有账号均无 BTCUSDT 持仓，无需平仓
[2025/9/28 19:07:33] 
📊 === 步骤2: 配置和风险分析 ===
[2025/9/28 19:07:33] 
📊 === 当前配置分析 ===
[2025/9/28 19:07:33] 币种: BTCUSDT
[2025/9/28 19:07:33] 杠杆: 20x
[2025/9/28 19:07:33] BTC价格: 112,000 USDT
[2025/9/28 19:07:33] 
💰 下单金额分析:
[2025/9/28 19:07:33] 最小下单: 0.001 BTC = 112.00 USDT
[2025/9/28 19:07:33] 最大下单: 0.01 BTC = 1120.00 USDT
[2025/9/28 19:07:33] 
🛡️ 保证金需求:
[2025/9/28 19:07:33] 最小保证金: 5.60 USDT
[2025/9/28 19:07:33] 最大保证金: 56.00 USDT
[2025/9/28 19:07:33] 
⚠️ 风险控制:
[2025/9/28 19:07:33] 最大持仓价值限制: 10000 USDT
[2025/9/28 19:07:33] 最小账户余额要求: 100 USDT
[2025/9/28 19:07:33] 
🌐 代理状态:
[2025/9/28 19:07:33] 账号1: ❌ 未启用 http://127.0.0.1:1087
[2025/9/28 19:07:33] 账号2: ❌ 未启用 http://127.0.0.1:1088
[2025/9/28 19:07:33] 账号3: ❌ 未启用 http://127.0.0.1:1089
[2025/9/28 19:07:33] 
📈 风险等级: 🔴 高风险
[2025/9/28 19:07:33] 
🔄 === 步骤3: 启动循环对冲 ===
[2025/9/28 19:07:33] 按 Ctrl+C 可随时停止循环并安全退出
[2025/9/28 19:07:33] 
🔁 === [2025/9/28 19:07:33] 启动三账号循环对冲 ===
[2025/9/28 19:07:33] 币种: BTCUSDT, 杠杆: 20x, 持仓: 10 分钟
[2025/9/28 19:07:33] 🎲 随机选择主账号和辅账号，随机分配金额
[2025/9/28 19:07:33] 
=== [2025/9/28 19:07:33] 设置杠杆 ===
[2025/9/28 19:07:33] 币种: BTCUSDT, 杠杆: 20x
[2025/9/28 19:07:34] ✅ 账号1 设置 20x 杠杆成功
[2025/9/28 19:07:34] ✅ 账号2 设置 20x 杠杆成功
[2025/9/28 19:07:34] ✅ 账号3 设置 20x 杠杆成功
[2025/9/28 19:07:34] 
=== 周期 #1 开始 (2025/9/28 19:07:34) ===
[2025/9/28 19:07:34] 🎲 随机选择结果:
[2025/9/28 19:07:34]    主账号: 账号3 (做多)
[2025/9/28 19:07:34]    辅账号: 账号1, 账号2 (做空)
[2025/9/28 19:07:34] 💰 金额分配:
[2025/9/28 19:07:34]    主账号 账号3: 0.005572 BTCUSDT
[2025/9/28 19:07:34]    辅账号 账号1: 0.003721 BTCUSDT
[2025/9/28 19:07:34]    辅账号 账号2: 0.00185 BTCUSDT
[2025/9/28 19:07:34]    验证: 0.0055709999999999996 = 0.005572
[2025/9/28 19:07:35] [账号3] BTCUSDT 买1价格: 109830
[2025/9/28 19:07:35] 📊 当前买一价: 109830
[2025/9/28 19:07:35] ERROR: [账号3] 请求失败: HTTP error! status: 400, response: {"code":-1111,"msg":"Precision is over the maximum defined for this asset."}
[2025/9/28 19:07:35] ERROR: ❌ 周期 #1 失败: HTTP error! status: 400, response: {"code":-1111,"msg":"Precision is over the maximum defined for this asset."}
[2025/9/28 19:07:35] 🕒 休眠 5 秒后继续下一轮...
[2025/9/28 19:07:37] 

🛑 接收到退出信号，正在安全退出...
[2025/9/28 19:07:37] 📋 正在平仓所有持仓...
[2025/9/28 19:07:37] 
🔄 === [2025/9/28 19:07:37] 三账号同时平仓 ===
[2025/9/28 19:07:37] 币种: BTCUSDT
[2025/9/28 19:07:37] 

🛑 接收到退出信号，正在安全退出...
[2025/9/28 19:07:37] 📋 正在平仓所有持仓...
[2025/9/28 19:07:37] 
🔄 === [2025/9/28 19:07:37] 三账号同时平仓 ===
[2025/9/28 19:07:37] 币种: BTCUSDT
[2025/9/28 19:07:37] 

🛑 接收到退出信号，正在安全退出...
[2025/9/28 19:07:37] 📋 正在平仓所有持仓...
[2025/9/28 19:07:37] 
🔄 === [2025/9/28 19:07:37] 三账号同时平仓 ===
[2025/9/28 19:07:37] 币种: BTCUSDT
[2025/9/28 19:07:37] 

🛑 接收到退出信号，正在安全退出...
[2025/9/28 19:07:37] 📋 正在平仓所有持仓...
[2025/9/28 19:07:37] 
🔄 === [2025/9/28 19:07:37] 三账号同时平仓 ===
[2025/9/28 19:07:37] 币种: BTCUSDT
[2025/9/28 19:07:38] ✅ 所有账号均无 BTCUSDT 持仓，无需平仓
[2025/9/28 19:07:38] ✅ 安全退出完成
